<?xml version="1.0" encoding="utf-8"?><testsuites><testsuite name="pytest" errors="0" failures="0" skipped="0" tests="16" time="2.720" timestamp="2025-04-13T02:26:32.508962+08:00" hostname="LAPTOP-NND4PBUM"><testcase classname="tests.src.tests.unit.test_gmail_attachment.TestGmailAttachment" name="test_content_type_fallback" time="0.100" /><testcase classname="tests.src.tests.unit.test_gmail_attachment.TestGmailAttachment" name="test_large_attachment_data" time="0.006" /><testcase classname="tests.src.tests.unit.test_gmail_attachment.TestGmailAttachment" name="test_large_attachment_missing_service_or_id" time="0.001" /><testcase classname="tests.src.tests.unit.test_gmail_attachment.TestGmailAttachment" name="test_small_attachment_data" time="0.002" /><testcase classname="tests.src.tests.unit.test_gmail_impl.TestGmailImplementation" name="test_create_gmail_attachment_factory_function" time="0.014" /><testcase classname="tests.src.tests.unit.test_gmail_impl.TestGmailImplementation" name="test_delete_message" time="0.009" /><testcase classname="tests.src.tests.unit.test_gmail_impl.TestGmailImplementation" name="test_get_gmail_client_factory_function" time="0.011" /><testcase classname="tests.src.tests.unit.test_gmail_impl.TestGmailImplementation" name="test_get_messages" time="0.015" /><testcase classname="tests.src.tests.unit.test_gmail_impl.TestGmailImplementation" name="test_gmail_attachment_implements_attachment_interface" time="0.010" /><testcase classname="tests.src.tests.unit.test_gmail_impl.TestGmailImplementation" name="test_gmail_client_implements_client_interface" time="0.008" /><testcase classname="tests.src.tests.unit.test_gmail_impl.TestGmailImplementation" name="test_gmail_message_implements_message_interface" time="0.007" /><testcase classname="tests.src.tests.unit.test_gmail_impl.TestGmailImplementation" name="test_send_message" time="0.011" /><testcase classname="tests.src.tests.unit.test_interface" name="test_message_interface" time="0.003" /><testcase classname="tests.src.tests.unit.test_interface" name="test_attachment_interface" time="0.003" /><testcase classname="tests.src.tests.unit.test_interface" name="test_client_interface" time="0.008" /><testcase classname="tests.src.tests.unit.test_interface" name="test_create_attachment_function" time="0.002" /></testsuite></testsuites>