<?xml version="1.0" encoding="utf-8"?><testsuites><testsuite name="pytest" errors="0" failures="0" skipped="0" tests="6" time="11.457" timestamp="2025-04-13T12:53:58.597343+08:00" hostname="LAPTOP-NND4PBUM"><testcase classname="tests.src.tests.integration.test_attachment" name="test_attachment" time="0.005" /><testcase classname="tests.src.tests.integration.test_gmail_live" name="test_gmail_client_connection" time="0.207" /><testcase classname="tests.src.tests.integration.test_gmail_live" name="test_get_messages" time="8.263" /><testcase classname="tests.src.tests.integration.test_gmail_live" name="test_send_message" time="0.388" /><testcase classname="tests.src.tests.integration.test_gmail_live" name="test_send_message_with_attachments" time="0.487" /><testcase classname="tests.src.tests.integration.test_manual" name="test_gmail" time="1.195" /></testsuite></testsuites>